{
  service: 'boomroach-backend',
  name: 'PrismaClientInitializationError',
  clientVersion: '5.22.0',
  errorCode: undefined,
  level: 'error',
  message: '❌ Database connection failed: Error querying the database: Error code 14: Unable to open the database file',
  stack: 'PrismaClientInitializationError: Error querying the database: Error code 14: Unable to open the database file\n' +
    '    at new PrismaClientInitializationError (/home/project/backend/node_modules/@prisma/client/runtime/library.js:21:1872)\n' +
    '    at <anonymous> (/home/project/backend/node_modules/@prisma/client/runtime/library.js:112:2492)\n' +
    '    at processTicksAndRejections (native:7:39)',
  timestamp: '2025-06-02 08:51:44'
}
{
  service: 'boomroach-backend',
  name: 'PrismaClientInitializationError',
  clientVersion: '5.22.0',
  errorCode: undefined,
  level: 'error',
  message: '❌ Database connection failed: Error querying the database: Error code 14: Unable to open the database file',
  stack: 'PrismaClientInitializationError: Error querying the database: Error code 14: Unable to open the database file\n' +
    '    at new PrismaClientInitializationError (/home/project/backend/node_modules/@prisma/client/runtime/library.js:21:1872)\n' +
    '    at <anonymous> (/home/project/backend/node_modules/@prisma/client/runtime/library.js:112:2492)\n' +
    '    at processTicksAndRejections (native:7:39)',
  timestamp: '2025-06-02 08:53:03'
}
{"timestamp":"2025-06-02T10:07:53.635Z","level":"error","message":"❌ Database connection failed: Error querying the database: Error code 14: Unable to open the database file","stack":"PrismaClientInitializationError: Error querying the database: Error code 14: Unable to open the database file\n    at new PrismaClientInitializationError (/home/project/backend/node_modules/@prisma/client/runtime/library.js:21:1872)\n    at <anonymous> (/home/project/backend/node_modules/@prisma/client/runtime/library.js:112:2492)\n    at processTicksAndRejections (native:7:39)","service":"boomroach-api","name":"PrismaClientInitializationError","clientVersion":"5.22.0"}
{"timestamp":"2025-06-02T10:10:15.687Z","level":"error","message":"❌ Database connection failed: Error querying the database: Error code 14: Unable to open the database file","stack":"PrismaClientInitializationError: Error querying the database: Error code 14: Unable to open the database file\n    at new PrismaClientInitializationError (/home/project/backend/node_modules/@prisma/client/runtime/library.js:21:1872)\n    at <anonymous> (/home/project/backend/node_modules/@prisma/client/runtime/library.js:112:2492)\n    at processTicksAndRejections (native:7:39)","service":"boomroach-api","name":"PrismaClientInitializationError","clientVersion":"5.22.0"}
{"timestamp":"2025-06-02T10:28:16.981Z","level":"error","message":"Server error","requestId":"74d05eb0-903c-432e-ba18-bb0297f9db57","service":"boomroach-api","error":{"message":"\nInvalid `prisma.user.findFirst()` invocation:\n\n\nError querying the database: Error code 14: Unable to open the database file","name":"PrismaClientInitializationError","stack":"PrismaClientInitializationError: \nInvalid `prisma.user.findFirst()` invocation:\n\n\nError querying the database: Error code 14: Unable to open the database file\n    at new PrismaClientInitializationError (/home/project/backend/node_modules/@prisma/client/runtime/library.js:21:1872)\n    at handleRequestError (/home/project/backend/node_modules/@prisma/client/runtime/library.js:121:7619)\n    at handleAndLogRequestError (/home/project/backend/node_modules/@prisma/client/runtime/library.js:121:6623)\n    at <anonymous> (/home/project/backend/node_modules/@prisma/client/runtime/library.js:121:6307)\n    at processTicksAndRejections (native:7:39)","code":"INTERNAL_ERROR"},"request":{"method":"POST","url":"/api/auth/register","userAgent":"curl/8.5.0","ip":"127.0.0.1","requestId":"74d05eb0-903c-432e-ba18-bb0297f9db57"},"response":{"statusCode":500}}
{"timestamp":"2025-06-02T10:33:54.319Z","level":"error","message":"Server error","requestId":"9b29b2cd-bfc2-48d5-9ddf-7c2e91b4603a","service":"boomroach-api","error":{"message":"\nInvalid `prisma.user.findFirst()` invocation:\n\n\nError querying the database: Error code 14: Unable to open the database file","name":"PrismaClientInitializationError","stack":"PrismaClientInitializationError: \nInvalid `prisma.user.findFirst()` invocation:\n\n\nError querying the database: Error code 14: Unable to open the database file\n    at new PrismaClientInitializationError (/home/project/backend/node_modules/@prisma/client/runtime/library.js:21:1872)\n    at handleRequestError (/home/project/backend/node_modules/@prisma/client/runtime/library.js:121:7619)\n    at handleAndLogRequestError (/home/project/backend/node_modules/@prisma/client/runtime/library.js:121:6623)\n    at <anonymous> (/home/project/backend/node_modules/@prisma/client/runtime/library.js:121:6307)\n    at processTicksAndRejections (native:7:39)","code":"INTERNAL_ERROR"},"request":{"method":"POST","url":"/api/auth/register","userAgent":"curl/8.5.0","ip":"127.0.0.1","requestId":"9b29b2cd-bfc2-48d5-9ddf-7c2e91b4603a"},"response":{"statusCode":500}}
{"timestamp":"2025-06-02T10:34:09.791Z","level":"error","message":"Server error","requestId":"6d3fd81b-d027-44ff-afc8-abafde07af51","service":"boomroach-api","error":{"message":"\nInvalid `prisma.user.findFirst()` invocation in\n/home/project/backend/src/routes/auth.ts:106:42\n\n  103 }\n  104 \n  105 // Check if user already exists\n→ 106 const existingUser = await prisma.user.findFirst(\nError querying the database: Error code 14: Unable to open the database file","name":"PrismaClientInitializationError","stack":"PrismaClientInitializationError: \nInvalid `prisma.user.findFirst()` invocation in\n/home/project/backend/src/routes/auth.ts:106:42\n\n  103 }\n  104 \n  105 // Check if user already exists\n→ 106 const existingUser = await prisma.user.findFirst(\nError querying the database: Error code 14: Unable to open the database file\n    at new PrismaClientInitializationError (/home/project/backend/node_modules/@prisma/client/runtime/library.js:21:1872)\n    at handleRequestError (/home/project/backend/node_modules/@prisma/client/runtime/library.js:121:7619)\n    at handleAndLogRequestError (/home/project/backend/node_modules/@prisma/client/runtime/library.js:121:6623)\n    at <anonymous> (/home/project/backend/node_modules/@prisma/client/runtime/library.js:121:6307)\n    at processTicksAndRejections (native:7:39)","code":"INTERNAL_ERROR"},"request":{"method":"POST","url":"/api/auth/register","userAgent":"curl/8.5.0","ip":"127.0.0.1","requestId":"6d3fd81b-d027-44ff-afc8-abafde07af51"},"response":{"statusCode":500}}
